Flow report for SoCKit_golden_top
Thu Apr 17 15:52:45 2014
Quartus II 32-bit Version 13.1.1 Build 166 11/26/2013 SJ Full Version


---------------------
; Table of Contents ;
---------------------
  1. Legal Notice
  2. Flow Summary
  3. Flow Settings
  4. Flow Non-Default Global Settings
  5. Flow Elapsed Time
  6. Flow OS Summary
  7. Flow Log
  8. Flow Messages
  9. Flow Suppressed Messages



----------------
; Legal Notice ;
----------------
Copyright (C) 1991-2013 Altera Corporation
Your use of Altera Corporation's design tools, logic functions 
and other software and tools, and its AMPP partner logic 
functions, and any output files from any of the foregoing 
(including device programming or simulation files), and any 
associated documentation or information are expressly subject 
to the terms and conditions of the Altera Program License 
Subscription Agreement, Altera MegaCore Function License 
Agreement, or other applicable license agreement, including, 
without limitation, that your use is for the sole purpose of 
programming logic devices manufactured by Altera and sold by 
Altera or its authorized distributors.  Please refer to the 
applicable agreement for further details.



+-------------------------------------------------------------------------------+
; Flow Summary                                                                  ;
+---------------------------------+---------------------------------------------+
; Flow Status                     ; Successful - Thu Apr 17 15:52:45 2014       ;
; Quartus II 32-bit Version       ; 13.1.1 Build 166 11/26/2013 SJ Full Version ;
; Revision Name                   ; SoCKit_golden_top                           ;
; Top-level Entity Name           ; SoCKit_golden_top                           ;
; Family                          ; Cyclone V                                   ;
; Device                          ; 5CSXFC6D6F31C8ES                            ;
; Timing Models                   ; Preliminary                                 ;
; Logic utilization (in ALMs)     ; 1 / 41,910 ( < 1 % )                        ;
; Total registers                 ; 0                                           ;
; Total pins                      ; 82 / 499 ( 16 % )                           ;
; Total virtual pins              ; 0                                           ;
; Total block memory bits         ; 0 / 5,662,720 ( 0 % )                       ;
; Total DSP Blocks                ; 0 / 112 ( 0 % )                             ;
; Total HSSI RX PCSs              ; 0 / 9 ( 0 % )                               ;
; Total HSSI PMA RX Deserializers ; 0 / 9 ( 0 % )                               ;
; Total HSSI TX PCSs              ; 0 / 9 ( 0 % )                               ;
; Total HSSI TX Channels          ; 0 / 9 ( 0 % )                               ;
; Total PLLs                      ; 0 / 15 ( 0 % )                              ;
; Total DLLs                      ; 0 / 4 ( 0 % )                               ;
+---------------------------------+---------------------------------------------+


+-----------------------------------------+
; Flow Settings                           ;
+-------------------+---------------------+
; Option            ; Setting             ;
+-------------------+---------------------+
; Start date & time ; 04/17/2014 15:49:48 ;
; Main task         ; Compilation         ;
; Revision Name     ; SoCKit_golden_top   ;
+-------------------+---------------------+


+-----------------------------------------------------------------------------------------------------------------------------+
; Flow Non-Default Global Settings                                                                                            ;
+--------------------------------------+---------------------------------------+---------------+-------------+----------------+
; Assignment Name                      ; Value                                 ; Default Value ; Entity Name ; Section Id     ;
+--------------------------------------+---------------------------------------+---------------+-------------+----------------+
; COMPILER_SIGNATURE_ID                ; 206915886282750.139776418824279       ; --            ; --          ; --             ;
; EDA_DESIGN_INSTANCE_NAME             ; NA                                    ; --            ; --          ; MDP3_Parser_tb ;
; EDA_NATIVELINK_SIMULATION_TEST_BENCH ; MDP3_Parser_tb                        ; --            ; --          ; eda_simulation ;
; EDA_OUTPUT_DATA_FORMAT               ; Systemverilog Hdl                     ; --            ; --          ; eda_simulation ;
; EDA_SIMULATION_TOOL                  ; ModelSim-Altera (SystemVerilog)       ; <None>        ; --          ; --             ;
; EDA_TEST_BENCH_ENABLE_STATUS         ; TEST_BENCH_MODE                       ; --            ; --          ; eda_simulation ;
; EDA_TEST_BENCH_FILE                  ; MDP3_Parser_tb.sv                     ; --            ; --          ; MDP3_Parser_tb ;
; EDA_TEST_BENCH_MODULE_NAME           ; MDP3_Parser_tb                        ; --            ; --          ; MDP3_Parser_tb ;
; EDA_TEST_BENCH_NAME                  ; MDP3_Parser_tb                        ; --            ; --          ; eda_simulation ;
; EDA_TEST_BENCH_RUN_SIM_FOR           ; 180 ns                                ; --            ; --          ; MDP3_Parser_tb ;
; EDA_TIME_SCALE                       ; 1 ps                                  ; --            ; --          ; eda_simulation ;
; MAX_CORE_JUNCTION_TEMP               ; 85                                    ; --            ; --          ; --             ;
; MIN_CORE_JUNCTION_TEMP               ; 0                                     ; --            ; --          ; --             ;
; PARTITION_COLOR                      ; 16764057                              ; --            ; --          ; Top            ;
; PARTITION_FITTER_PRESERVATION_LEVEL  ; PLACEMENT_AND_ROUTING                 ; --            ; --          ; Top            ;
; PARTITION_NETLIST_TYPE               ; SOURCE                                ; --            ; --          ; Top            ;
; POWER_BOARD_THERMAL_MODEL            ; None (CONSERVATIVE)                   ; --            ; --          ; --             ;
; POWER_PRESET_COOLING_SOLUTION        ; 23 MM HEAT SINK WITH 200 LFPM AIRFLOW ; --            ; --          ; --             ;
+--------------------------------------+---------------------------------------+---------------+-------------+----------------+


+-------------------------------------------------------------------------------------------------------------------------------+
; Flow Elapsed Time                                                                                                             ;
+---------------------------+--------------+-------------------------+---------------------+------------------------------------+
; Module Name               ; Elapsed Time ; Average Processors Used ; Peak Virtual Memory ; Total CPU Time (on all processors) ;
+---------------------------+--------------+-------------------------+---------------------+------------------------------------+
; Analysis & Synthesis      ; 00:00:04     ; 1.0                     ; 398 MB              ; 00:00:04                           ;
; Fitter                    ; 00:01:43     ; 1.2                     ; 1110 MB             ; 00:01:59                           ;
; Assembler                 ; 00:00:28     ; 1.0                     ; 484 MB              ; 00:00:26                           ;
; TimeQuest Timing Analyzer ; 00:00:20     ; 1.0                     ; 617 MB              ; 00:00:19                           ;
; EDA Netlist Writer        ; 00:00:03     ; 1.0                     ; 383 MB              ; 00:00:03                           ;
; Total                     ; 00:02:38     ; --                      ; --                  ; 00:02:51                           ;
+---------------------------+--------------+-------------------------+---------------------+------------------------------------+


+---------------------------------------------------------------------------------------------+
; Flow OS Summary                                                                             ;
+---------------------------+------------------+----------------+------------+----------------+
; Module Name               ; Machine Hostname ; OS Name        ; OS Version ; Processor type ;
+---------------------------+------------------+----------------+------------+----------------+
; Analysis & Synthesis      ; micro16          ; CentOS release ; 5          ; x86_64         ;
; Fitter                    ; micro16          ; CentOS release ; 5          ; x86_64         ;
; Assembler                 ; micro16          ; CentOS release ; 5          ; x86_64         ;
; TimeQuest Timing Analyzer ; micro16          ; CentOS release ; 5          ; x86_64         ;
; EDA Netlist Writer        ; micro16          ; CentOS release ; 5          ; x86_64         ;
+---------------------------+------------------+----------------+------------+----------------+


------------
; Flow Log ;
------------
quartus_map --read_settings_files=on --write_settings_files=off SoCKit_golden_top -c SoCKit_golden_top
quartus_fit --read_settings_files=off --write_settings_files=off SoCKit_golden_top -c SoCKit_golden_top
quartus_asm --read_settings_files=off --write_settings_files=off SoCKit_golden_top -c SoCKit_golden_top
quartus_sta SoCKit_golden_top -c SoCKit_golden_top
quartus_eda --read_settings_files=off --write_settings_files=off SoCKit_golden_top -c SoCKit_golden_top



