Analysis & Synthesis report for SoCKit_golden_top
Thu Apr 17 15:49:52 2014
Quartus II 32-bit Version 13.1.1 Build 166 11/26/2013 SJ Full Version


---------------------
; Table of Contents ;
---------------------
  1. Legal Notice
  2. Analysis & Synthesis Summary
  3. Analysis & Synthesis Settings
  4. Parallel Compilation
  5. Analysis & Synthesis Source Files Read
  6. Analysis & Synthesis Resource Usage Summary
  7. Analysis & Synthesis Resource Utilization by Entity
  8. General Register Statistics
  9. Port Connectivity Checks: "MDP3_Parser_tb:parser_tb|MDP3_Parser:parser"
 10. Elapsed Time Per Partition
 11. Analysis & Synthesis Messages



----------------
; Legal Notice ;
----------------
Copyright (C) 1991-2013 Altera Corporation
Your use of Altera Corporation's design tools, logic functions 
and other software and tools, and its AMPP partner logic 
functions, and any output files from any of the foregoing 
(including device programming or simulation files), and any 
associated documentation or information are expressly subject 
to the terms and conditions of the Altera Program License 
Subscription Agreement, Altera MegaCore Function License 
Agreement, or other applicable license agreement, including, 
without limitation, that your use is for the sole purpose of 
programming logic devices manufactured by Altera and sold by 
Altera or its authorized distributors.  Please refer to the 
applicable agreement for further details.



+-------------------------------------------------------------------------------+
; Analysis & Synthesis Summary                                                  ;
+---------------------------------+---------------------------------------------+
; Analysis & Synthesis Status     ; Successful - Thu Apr 17 15:49:52 2014       ;
; Quartus II 32-bit Version       ; 13.1.1 Build 166 11/26/2013 SJ Full Version ;
; Revision Name                   ; SoCKit_golden_top                           ;
; Top-level Entity Name           ; SoCKit_golden_top                           ;
; Family                          ; Cyclone V                                   ;
; Logic utilization (in ALMs)     ; N/A                                         ;
; Total registers                 ; 0                                           ;
; Total pins                      ; 82                                          ;
; Total virtual pins              ; 0                                           ;
; Total block memory bits         ; 0                                           ;
; Total DSP Blocks                ; 0                                           ;
; Total HSSI RX PCSs              ; 0                                           ;
; Total HSSI PMA RX Deserializers ; 0                                           ;
; Total HSSI TX PCSs              ; 0                                           ;
; Total HSSI TX Channels          ; 0                                           ;
; Total PLLs                      ; 0                                           ;
; Total DLLs                      ; 0                                           ;
+---------------------------------+---------------------------------------------+


+---------------------------------------------------------------------------------------------------------------------------+
; Analysis & Synthesis Settings                                                                                             ;
+---------------------------------------------------------------------------------+--------------------+--------------------+
; Option                                                                          ; Setting            ; Default Value      ;
+---------------------------------------------------------------------------------+--------------------+--------------------+
; Device                                                                          ; 5CSXFC6D6F31C8ES   ;                    ;
; Top-level entity name                                                           ; SoCKit_golden_top  ; SoCKit_golden_top  ;
; Family name                                                                     ; Cyclone V          ; Cyclone IV GX      ;
; Use smart compilation                                                           ; Off                ; Off                ;
; Enable parallel Assembler and TimeQuest Timing Analyzer during compilation      ; On                 ; On                 ;
; Enable compact report table                                                     ; Off                ; Off                ;
; Restructure Multiplexers                                                        ; Auto               ; Auto               ;
; MLAB Add Timing Constraints For Mixed-Port Feed-Through Mode Setting Don't Care ; Off                ; Off                ;
; Create Debugging Nodes for IP Cores                                             ; Off                ; Off                ;
; Preserve fewer node names                                                       ; On                 ; On                 ;
; Disable OpenCore Plus hardware evaluation                                       ; Off                ; Off                ;
; Verilog Version                                                                 ; Verilog_2001       ; Verilog_2001       ;
; VHDL Version                                                                    ; VHDL_1993          ; VHDL_1993          ;
; State Machine Processing                                                        ; Auto               ; Auto               ;
; Safe State Machine                                                              ; Off                ; Off                ;
; Extract Verilog State Machines                                                  ; On                 ; On                 ;
; Extract VHDL State Machines                                                     ; On                 ; On                 ;
; Ignore Verilog initial constructs                                               ; Off                ; Off                ;
; Iteration limit for constant Verilog loops                                      ; 5000               ; 5000               ;
; Iteration limit for non-constant Verilog loops                                  ; 250                ; 250                ;
; Add Pass-Through Logic to Inferred RAMs                                         ; On                 ; On                 ;
; Infer RAMs from Raw Logic                                                       ; On                 ; On                 ;
; Parallel Synthesis                                                              ; On                 ; On                 ;
; DSP Block Balancing                                                             ; Auto               ; Auto               ;
; NOT Gate Push-Back                                                              ; On                 ; On                 ;
; Power-Up Don't Care                                                             ; On                 ; On                 ;
; Remove Redundant Logic Cells                                                    ; Off                ; Off                ;
; Remove Duplicate Registers                                                      ; On                 ; On                 ;
; Ignore CARRY Buffers                                                            ; Off                ; Off                ;
; Ignore CASCADE Buffers                                                          ; Off                ; Off                ;
; Ignore GLOBAL Buffers                                                           ; Off                ; Off                ;
; Ignore ROW GLOBAL Buffers                                                       ; Off                ; Off                ;
; Ignore LCELL Buffers                                                            ; Off                ; Off                ;
; Ignore SOFT Buffers                                                             ; On                 ; On                 ;
; Limit AHDL Integers to 32 Bits                                                  ; Off                ; Off                ;
; Optimization Technique                                                          ; Balanced           ; Balanced           ;
; Carry Chain Length                                                              ; 70                 ; 70                 ;
; Auto Carry Chains                                                               ; On                 ; On                 ;
; Auto Open-Drain Pins                                                            ; On                 ; On                 ;
; Perform WYSIWYG Primitive Resynthesis                                           ; Off                ; Off                ;
; Auto ROM Replacement                                                            ; On                 ; On                 ;
; Auto RAM Replacement                                                            ; On                 ; On                 ;
; Auto DSP Block Replacement                                                      ; On                 ; On                 ;
; Auto Shift Register Replacement                                                 ; Auto               ; Auto               ;
; Allow Shift Register Merging across Hierarchies                                 ; Auto               ; Auto               ;
; Auto Clock Enable Replacement                                                   ; On                 ; On                 ;
; Strict RAM Replacement                                                          ; Off                ; Off                ;
; Allow Synchronous Control Signals                                               ; On                 ; On                 ;
; Force Use of Synchronous Clear Signals                                          ; Off                ; Off                ;
; Auto Resource Sharing                                                           ; Off                ; Off                ;
; Allow Any RAM Size For Recognition                                              ; Off                ; Off                ;
; Allow Any ROM Size For Recognition                                              ; Off                ; Off                ;
; Allow Any Shift Register Size For Recognition                                   ; Off                ; Off                ;
; Use LogicLock Constraints during Resource Balancing                             ; On                 ; On                 ;
; Ignore translate_off and synthesis_off directives                               ; Off                ; Off                ;
; Timing-Driven Synthesis                                                         ; On                 ; On                 ;
; Report Parameter Settings                                                       ; On                 ; On                 ;
; Report Source Assignments                                                       ; On                 ; On                 ;
; Report Connectivity Checks                                                      ; On                 ; On                 ;
; Ignore Maximum Fan-Out Assignments                                              ; Off                ; Off                ;
; Synchronization Register Chain Length                                           ; 3                  ; 3                  ;
; PowerPlay Power Optimization                                                    ; Normal compilation ; Normal compilation ;
; HDL message level                                                               ; Level2             ; Level2             ;
; Suppress Register Optimization Related Messages                                 ; Off                ; Off                ;
; Number of Removed Registers Reported in Synthesis Report                        ; 5000               ; 5000               ;
; Number of Swept Nodes Reported in Synthesis Report                              ; 5000               ; 5000               ;
; Number of Inverted Registers Reported in Synthesis Report                       ; 100                ; 100                ;
; Clock MUX Protection                                                            ; On                 ; On                 ;
; Auto Gated Clock Conversion                                                     ; Off                ; Off                ;
; Block Design Naming                                                             ; Auto               ; Auto               ;
; SDC constraint protection                                                       ; Off                ; Off                ;
; Synthesis Effort                                                                ; Auto               ; Auto               ;
; Shift Register Replacement - Allow Asynchronous Clear Signal                    ; On                 ; On                 ;
; Pre-Mapping Resynthesis Optimization                                            ; Off                ; Off                ;
; Analysis & Synthesis Message Level                                              ; Medium             ; Medium             ;
; Disable Register Merging Across Hierarchies                                     ; Auto               ; Auto               ;
; Resource Aware Inference For Block RAM                                          ; On                 ; On                 ;
; Synthesis Seed                                                                  ; 1                  ; 1                  ;
; Automatic Parallel Synthesis                                                    ; On                 ; On                 ;
+---------------------------------------------------------------------------------+--------------------+--------------------+


+------------------------------------------+
; Parallel Compilation                     ;
+----------------------------+-------------+
; Processors                 ; Number      ;
+----------------------------+-------------+
; Number detected on machine ; 2           ;
; Maximum allowed            ; 2           ;
;                            ;             ;
; Average used               ; 1.00        ;
; Maximum used               ; 1           ;
;                            ;             ;
; Usage by Processor         ; % Time Used ;
;     Processor 1            ; 100.0%      ;
;     Processor 2            ;   0.0%      ;
+----------------------------+-------------+


+-----------------------------------------------------------------------------------------------------------------------------------------------------------------------------------------+
; Analysis & Synthesis Source Files Read                                                                                                                                                  ;
+----------------------------------+-----------------+------------------------------------+-------------------------------------------------------------------------------------+---------+
; File Name with User-Entered Path ; Used in Netlist ; File Type                          ; File Name with Absolute Path                                                        ; Library ;
+----------------------------------+-----------------+------------------------------------+-------------------------------------------------------------------------------------+---------+
; MDP3_Parser.sv                   ; yes             ; User SystemVerilog HDL File        ; /home/user2/spring14/dl2573/Desktop/Embedded Systems/MDP3.0/src/MDP3_Parser.sv      ;         ;
; SoCKit_golden_top.v              ; yes             ; User Verilog HDL File              ; /home/user2/spring14/dl2573/Desktop/Embedded Systems/MDP3.0/src/SoCKit_golden_top.v ;         ;
; MDP3_Parser_tb.sv                ; yes             ; Auto-Found SystemVerilog HDL File  ; /home/user2/spring14/dl2573/Desktop/Embedded Systems/MDP3.0/src/MDP3_Parser_tb.sv   ;         ;
+----------------------------------+-----------------+------------------------------------+-------------------------------------------------------------------------------------+---------+


+------------------------------------------------------------------+
; Analysis & Synthesis Resource Usage Summary                      ;
+---------------------------------------------+--------------------+
; Resource                                    ; Usage              ;
+---------------------------------------------+--------------------+
; Estimate of Logic utilization (ALMs needed) ; 0                  ;
;                                             ;                    ;
; Combinational ALUT usage for logic          ; 0                  ;
;     -- 7 input functions                    ; 0                  ;
;     -- 6 input functions                    ; 0                  ;
;     -- 5 input functions                    ; 0                  ;
;     -- 4 input functions                    ; 0                  ;
;     -- <=3 input functions                  ; 0                  ;
;                                             ;                    ;
; Dedicated logic registers                   ; 0                  ;
;                                             ;                    ;
; I/O pins                                    ; 82                 ;
; Total DSP Blocks                            ; 0                  ;
; Maximum fan-out node                        ; AUD_ADCLRCK~output ;
; Maximum fan-out                             ; 1                  ;
; Total fan-out                               ; 98                 ;
; Average fan-out                             ; 0.54               ;
+---------------------------------------------+--------------------+


+-----------------------------------------------------------------------------------------------------------------------------------------------------------+
; Analysis & Synthesis Resource Utilization by Entity                                                                                                       ;
+----------------------------+-------------------+--------------+-------------------+------------+------+--------------+---------------------+--------------+
; Compilation Hierarchy Node ; LC Combinationals ; LC Registers ; Block Memory Bits ; DSP Blocks ; Pins ; Virtual Pins ; Full Hierarchy Name ; Library Name ;
+----------------------------+-------------------+--------------+-------------------+------------+------+--------------+---------------------+--------------+
; |SoCKit_golden_top         ; 0 (0)             ; 0 (0)        ; 0                 ; 0          ; 82   ; 0            ; |SoCKit_golden_top  ; work         ;
+----------------------------+-------------------+--------------+-------------------+------------+------+--------------+---------------------+--------------+
Note: For table entries with two numbers listed, the numbers in parentheses indicate the number of resources of the given type used by the specific entity alone. The numbers listed outside of parentheses indicate the total resources of the given type used by the specific entity and all of its sub-entities in the hierarchy.


+------------------------------------------------------+
; General Register Statistics                          ;
+----------------------------------------------+-------+
; Statistic                                    ; Value ;
+----------------------------------------------+-------+
; Total registers                              ; 0     ;
; Number of registers using Synchronous Clear  ; 0     ;
; Number of registers using Synchronous Load   ; 0     ;
; Number of registers using Asynchronous Clear ; 0     ;
; Number of registers using Asynchronous Load  ; 0     ;
; Number of registers using Clock Enable       ; 0     ;
; Number of registers using Preset             ; 0     ;
+----------------------------------------------+-------+


+-------------------------------------------------------------------------------------------------------------------------+
; Port Connectivity Checks: "MDP3_Parser_tb:parser_tb|MDP3_Parser:parser"                                                 ;
+---------------+--------+----------+-------------------------------------------------------------------------------------+
; Port          ; Type   ; Severity ; Details                                                                             ;
+---------------+--------+----------+-------------------------------------------------------------------------------------+
; done          ; Input  ; Info     ; Stuck at GND                                                                        ;
; MESSAGE       ; Input  ; Info     ; Stuck at GND                                                                        ;
; NUM_ORDERS    ; Output ; Info     ; Connected to dangling logic. Logic that only feeds a dangling port will be removed. ;
; QUANTITY      ; Output ; Info     ; Connected to dangling logic. Logic that only feeds a dangling port will be removed. ;
; PRICE         ; Output ; Info     ; Connected to dangling logic. Logic that only feeds a dangling port will be removed. ;
; ACTION        ; Output ; Info     ; Connected to dangling logic. Logic that only feeds a dangling port will be removed. ;
; ENTRY_TYPE    ; Output ; Info     ; Connected to dangling logic. Logic that only feeds a dangling port will be removed. ;
; message_ready ; Output ; Info     ; Connected to dangling logic. Logic that only feeds a dangling port will be removed. ;
+---------------+--------+----------+-------------------------------------------------------------------------------------+


+-------------------------------+
; Elapsed Time Per Partition    ;
+----------------+--------------+
; Partition Name ; Elapsed Time ;
+----------------+--------------+
; Top            ; 00:00:01     ;
+----------------+--------------+


+-------------------------------+
; Analysis & Synthesis Messages ;
+-------------------------------+
Info: *******************************************************************
Info: Running Quartus II 32-bit Analysis & Synthesis
    Info: Version 13.1.1 Build 166 11/26/2013 SJ Full Version
    Info: Processing started: Thu Apr 17 15:49:47 2014
Info: Command: quartus_map --read_settings_files=on --write_settings_files=off SoCKit_golden_top -c SoCKit_golden_top
Info (20030): Parallel compilation is enabled and will use 2 of the 2 processors detected
Info (12021): Found 1 design units, including 1 entities, in source file MDP3_Parser.sv
    Info (12023): Found entity 1: MDP3_Parser
Info (12021): Found 1 design units, including 1 entities, in source file SoCKit_golden_top.v
    Info (12023): Found entity 1: SoCKit_golden_top
Info (12127): Elaborating entity "SoCKit_golden_top" for the top level hierarchy
Warning (10034): Output port "LED" at SoCKit_golden_top.v(162) has no driver
Warning (10034): Output port "VGA_B" at SoCKit_golden_top.v(203) has no driver
Warning (10034): Output port "VGA_G" at SoCKit_golden_top.v(206) has no driver
Warning (10034): Output port "VGA_R" at SoCKit_golden_top.v(208) has no driver
Warning (10034): Output port "AUD_DACDAT" at SoCKit_golden_top.v(45) has no driver
Warning (10034): Output port "AUD_I2C_SCLK" at SoCKit_golden_top.v(47) has no driver
Warning (10034): Output port "AUD_MUTE" at SoCKit_golden_top.v(49) has no driver
Warning (10034): Output port "AUD_XCK" at SoCKit_golden_top.v(50) has no driver
Warning (10034): Output port "FAN_CTRL" at SoCKit_golden_top.v(73) has no driver
Warning (10034): Output port "PCIE_WAKE_n" at SoCKit_golden_top.v(172) has no driver
Warning (10034): Output port "TEMP_CS_n" at SoCKit_golden_top.v(185) has no driver
Warning (10034): Output port "TEMP_DIN" at SoCKit_golden_top.v(186) has no driver
Warning (10034): Output port "TEMP_SCLK" at SoCKit_golden_top.v(188) has no driver
Warning (10034): Output port "USB_EMPTY" at SoCKit_golden_top.v(193) has no driver
Warning (10034): Output port "USB_FULL" at SoCKit_golden_top.v(194) has no driver
Warning (10034): Output port "VGA_BLANK_n" at SoCKit_golden_top.v(204) has no driver
Warning (10034): Output port "VGA_CLK" at SoCKit_golden_top.v(205) has no driver
Warning (10034): Output port "VGA_HS" at SoCKit_golden_top.v(207) has no driver
Warning (10034): Output port "VGA_SYNC_n" at SoCKit_golden_top.v(209) has no driver
Warning (10034): Output port "VGA_VS" at SoCKit_golden_top.v(211) has no driver
Warning (12125): Using design file MDP3_Parser_tb.sv, which is not specified as a design file for the current project, but contains definitions for 1 design units and 1 entities in project
    Info (12023): Found entity 1: MDP3_Parser_tb
Info (12128): Elaborating entity "MDP3_Parser_tb" for hierarchy "MDP3_Parser_tb:parser_tb"
Warning (10755): Verilog HDL warning at MDP3_Parser_tb.sv(16): assignments to clk create a combinational loop
Warning (10855): Verilog HDL warning at MDP3_Parser_tb.sv(19): initial value for variable MESSAGE should be constant
Warning (10030): Net "MESSAGE" at MDP3_Parser_tb.sv(6) has no driver or initial value, using a default initial value '0'
Warning (10030): Net "done" at MDP3_Parser_tb.sv(4) has no driver or initial value, using a default initial value '0'
Info (12128): Elaborating entity "MDP3_Parser" for hierarchy "MDP3_Parser_tb:parser_tb|MDP3_Parser:parser"
Warning (10036): Verilog HDL or VHDL warning at MDP3_Parser.sv(14): object "test" assigned a value but never read
Warning (10762): Verilog HDL Case Statement warning at MDP3_Parser.sv(24): can't check case statement for completeness because the case expression has too many possible states
Warning (13039): The following bidir pins have no drivers
    Warning (13040): Bidir "AUD_ADCLRCK" has no driver
    Warning (13040): Bidir "AUD_BCLK" has no driver
    Warning (13040): Bidir "AUD_DACLRCK" has no driver
    Warning (13040): Bidir "AUD_I2C_SDAT" has no driver
    Warning (13040): Bidir "SI5338_SCL" has no driver
    Warning (13040): Bidir "SI5338_SDA" has no driver
    Warning (13040): Bidir "USB_B2_DATA[0]" has no driver
    Warning (13040): Bidir "USB_B2_DATA[1]" has no driver
    Warning (13040): Bidir "USB_B2_DATA[2]" has no driver
    Warning (13040): Bidir "USB_B2_DATA[3]" has no driver
    Warning (13040): Bidir "USB_B2_DATA[4]" has no driver
    Warning (13040): Bidir "USB_B2_DATA[5]" has no driver
    Warning (13040): Bidir "USB_B2_DATA[6]" has no driver
    Warning (13040): Bidir "USB_B2_DATA[7]" has no driver
    Warning (13040): Bidir "USB_SCL" has no driver
    Warning (13040): Bidir "USB_SDA" has no driver
Warning (13024): Output pins are stuck at VCC or GND
    Warning (13410): Pin "AUD_DACDAT" is stuck at GND
    Warning (13410): Pin "AUD_I2C_SCLK" is stuck at GND
    Warning (13410): Pin "AUD_MUTE" is stuck at GND
    Warning (13410): Pin "AUD_XCK" is stuck at GND
    Warning (13410): Pin "FAN_CTRL" is stuck at GND
    Warning (13410): Pin "LED[0]" is stuck at GND
    Warning (13410): Pin "LED[1]" is stuck at GND
    Warning (13410): Pin "LED[2]" is stuck at GND
    Warning (13410): Pin "LED[3]" is stuck at GND
    Warning (13410): Pin "PCIE_WAKE_n" is stuck at GND
    Warning (13410): Pin "TEMP_CS_n" is stuck at GND
    Warning (13410): Pin "TEMP_DIN" is stuck at GND
    Warning (13410): Pin "TEMP_SCLK" is stuck at GND
    Warning (13410): Pin "USB_EMPTY" is stuck at GND
    Warning (13410): Pin "USB_FULL" is stuck at GND
    Warning (13410): Pin "VGA_B[0]" is stuck at GND
    Warning (13410): Pin "VGA_B[1]" is stuck at GND
    Warning (13410): Pin "VGA_B[2]" is stuck at GND
    Warning (13410): Pin "VGA_B[3]" is stuck at GND
    Warning (13410): Pin "VGA_B[4]" is stuck at GND
    Warning (13410): Pin "VGA_B[5]" is stuck at GND
    Warning (13410): Pin "VGA_B[6]" is stuck at GND
    Warning (13410): Pin "VGA_B[7]" is stuck at GND
    Warning (13410): Pin "VGA_BLANK_n" is stuck at GND
    Warning (13410): Pin "VGA_CLK" is stuck at GND
    Warning (13410): Pin "VGA_G[0]" is stuck at GND
    Warning (13410): Pin "VGA_G[1]" is stuck at GND
    Warning (13410): Pin "VGA_G[2]" is stuck at GND
    Warning (13410): Pin "VGA_G[3]" is stuck at GND
    Warning (13410): Pin "VGA_G[4]" is stuck at GND
    Warning (13410): Pin "VGA_G[5]" is stuck at GND
    Warning (13410): Pin "VGA_G[6]" is stuck at GND
    Warning (13410): Pin "VGA_G[7]" is stuck at GND
    Warning (13410): Pin "VGA_HS" is stuck at GND
    Warning (13410): Pin "VGA_R[0]" is stuck at GND
    Warning (13410): Pin "VGA_R[1]" is stuck at GND
    Warning (13410): Pin "VGA_R[2]" is stuck at GND
    Warning (13410): Pin "VGA_R[3]" is stuck at GND
    Warning (13410): Pin "VGA_R[4]" is stuck at GND
    Warning (13410): Pin "VGA_R[5]" is stuck at GND
    Warning (13410): Pin "VGA_R[6]" is stuck at GND
    Warning (13410): Pin "VGA_R[7]" is stuck at GND
    Warning (13410): Pin "VGA_SYNC_n" is stuck at GND
    Warning (13410): Pin "VGA_VS" is stuck at GND
Info (16010): Generating hard_block partition "hard_block:auto_generated_inst"
    Info (16011): Adding 0 node(s), including 0 DDIO, 0 PLL, 0 transceiver and 0 LCELL
Warning (21074): Design contains 22 input pin(s) that do not drive logic
    Warning (15610): No output dependent on input pin "AUD_ADCDAT"
    Warning (15610): No output dependent on input pin "IRDA_RXD"
    Warning (15610): No output dependent on input pin "KEY[0]"
    Warning (15610): No output dependent on input pin "KEY[1]"
    Warning (15610): No output dependent on input pin "KEY[2]"
    Warning (15610): No output dependent on input pin "KEY[3]"
    Warning (15610): No output dependent on input pin "OSC_50_B3B"
    Warning (15610): No output dependent on input pin "OSC_50_B4A"
    Warning (15610): No output dependent on input pin "OSC_50_B5B"
    Warning (15610): No output dependent on input pin "OSC_50_B8A"
    Warning (15610): No output dependent on input pin "PCIE_PERST_n"
    Warning (15610): No output dependent on input pin "RESET_n"
    Warning (15610): No output dependent on input pin "SW[0]"
    Warning (15610): No output dependent on input pin "SW[1]"
    Warning (15610): No output dependent on input pin "SW[2]"
    Warning (15610): No output dependent on input pin "SW[3]"
    Warning (15610): No output dependent on input pin "TEMP_DOUT"
    Warning (15610): No output dependent on input pin "USB_B2_CLK"
    Warning (15610): No output dependent on input pin "USB_OE_n"
    Warning (15610): No output dependent on input pin "USB_RD_n"
    Warning (15610): No output dependent on input pin "USB_RESET_n"
    Warning (15610): No output dependent on input pin "USB_WR_n"
Info (21057): Implemented 82 device resources after synthesis - the final resource count might be different
    Info (21058): Implemented 22 input pins
    Info (21059): Implemented 44 output pins
    Info (21060): Implemented 16 bidirectional pins
Info: Quartus II 32-bit Analysis & Synthesis was successful. 0 errors, 112 warnings
    Info: Peak virtual memory: 406 megabytes
    Info: Processing ended: Thu Apr 17 15:49:52 2014
    Info: Elapsed time: 00:00:05
    Info: Total CPU time (on all processors): 00:00:05


